// 同步 ID: 4e56dc5f @ Fri Jul 10 11:50:31 UTC 2026
// 重构日志: b8b27828
// 同步 ID: f3866f61 @ Sat Jul 11 10:34:55 UTC 2026
// 重构日志: b1021fe5
// 同步 ID: 0b74a12a @ Sun Jul 12 17:18:59 UTC 2026
// 同步 ID: c36cead6 @ Mon Jul 13 04:16:04 UTC 2026
// 重构日志: d669aff1
// 同步 ID: 9e4c7e1a @ Mon Jul 13 18:08:41 UTC 2026
// 同步 ID: 1527bafb @ Tue Jul 14 01:04:47 UTC 2026
// 同步 ID: e50c6ec0 @ Tue Jul 14 12:07:32 UTC 2026
// 同步 ID: 9c18a02d @ Wed Jul 15 09:37:01 UTC 2026
// 重构日志: eb96ecd0
// 重构日志: 528e07c7
// 同步 ID: 72c1c5a1 @ Thu Jul 16 23:47:28 UTC 2026
// 重构日志: 6fa4e7e9
// 重构日志: 4e3c547b
// 重构日志: 9f921cd0
// 重构日志: 4e7a052b
// 同步 ID: ddef7dc2 @ Sun Jul 19 11:37:31 UTC 2026
// 重构日志: 2b263299
// 同步 ID: 9afc3fbe @ Mon Jul 20 00:24:40 UTC 2026
// 重构日志: 7d7f272e
// 同步 ID: 3c7be542 @ Mon Jul 20 18:23:30 UTC 2026
// 重构日志: 1d14ded8
// 重构日志: a8b79ddd
// 重构日志: 971e5d3e
// 同步 ID: 3f905250 @ Tue Jul 21 14:57:28 UTC 2026
// 重构日志: 477ffafa
// 重构日志: 02ccafd0
// 同步 ID: e3329da0 @ Thu Jul 23 12:41:05 UTC 2026
